<?xml version="1.0" encoding="UTF-8"?>
<!-- Generated by org.testng.reporters.JUnitXMLReporter -->
<testsuite hostname="sourceandroid" ignored="0" name="Test" tests="22" failures="1" timestamp="21 May 2019 10:09:15 GMT" time="1063.912" errors="0">
  <testcase name="verifyTranstBtn" time="7.594" classname="com.qa.test.LoginTest"/>
  <testcase name="verifySellLink" time="23.4" classname="com.qa.test.HomeTest"/>
  <testcase name="verifySelectCategory" time="25.412" classname="com.qa.test.AddProductTest"/>
  <testcase name="verifiySignIn" time="9.958" classname="com.qa.test.LoginTest"/>
  <testcase name="verifyProductname" time="27.744" classname="com.qa.test.AddProductTest"/>
  <testcase name="verifyLogin" time="19.966" classname="com.qa.test.LoginTest"/>
  <testcase name="verifyBrandname" time="29.642" classname="com.qa.test.AddProductTest"/>
  <testcase name="verifyModel" time="31.749" classname="com.qa.test.AddProductTest"/>
  <testcase name="verifySuspensions" time="34.131" classname="com.qa.test.AddProductTest"/>
  <testcase name="verifyProdActulPrice" time="31.91" classname="com.qa.test.AddProductTest"/>
  <testcase name="verifySellingPrice" time="36.205" classname="com.qa.test.AddProductTest"/>
  <testcase name="verifyProdAdd" time="54.479" classname="com.qa.test.SellTest">
    <failure type="org.openqa.selenium.NoSuchElementException" message="no such element: Unable to locate element: {&amp;quot;method&amp;quot;:&amp;quot;xpath&amp;quot;,&amp;quot;selector&amp;quot;:&amp;quot;//input[@name=&amp;apos;user_family_name&amp;apos;]&amp;quot;}
  (Session info: chrome=74.0.3729.157)
  (Driver info: chromedriver=2.40.565498 (ea082db3280dd6843ebfb08a625e3eb905c4f5ab),platform=Windows NT 6.3.9600 x86_64) (WARNING: The server did not provide any stacktrace information)
Command duration or timeout: 0 milliseconds
For documentation on this error, please visit: http://seleniumhq.org/exceptions/no_such_element.html
Build info: version: &amp;apos;3.14.0&amp;apos;, revision: &amp;apos;aacccce0&amp;apos;, time: &amp;apos;2018-08-02T20:19:58.91Z&amp;apos;
System info: host: &amp;apos;SOURCEANDROID&amp;apos;, ip: &amp;apos;192.168.136.2&amp;apos;, os.name: &amp;apos;Windows 8.1&amp;apos;, os.arch: &amp;apos;amd64&amp;apos;, os.version: &amp;apos;6.3&amp;apos;, java.version: &amp;apos;1.8.0_131&amp;apos;
Driver info: org.openqa.selenium.chrome.ChromeDriver
Capabilities {acceptInsecureCerts: false, acceptSslCerts: false, applicationCacheEnabled: false, browserConnectionEnabled: false, browserName: chrome, chrome: {chromedriverVersion: 2.40.565498 (ea082db3280dd6..., userDataDir: C:\Users\shubham\AppData\Lo...}, cssSelectorsEnabled: true, databaseEnabled: false, handlesAlerts: true, hasTouchScreen: false, javascriptEnabled: true, locationContextEnabled: true, mobileEmulationEnabled: false, nativeEvents: true, networkConnectionEnabled: false, pageLoadStrategy: normal, platform: XP, platformName: XP, rotatable: false, setWindowRect: true, takesHeapSnapshot: true, takesScreenshot: true, unexpectedAlertBehaviour: , unhandledPromptBehavior: , version: 74.0.3729.157, webStorageEnabled: true}
Session ID: 5a13389ed996bc130efd13d4ad0349e3
*** Element info: {Using=xpath, value=//input[@name=&amp;apos;user_family_name&amp;apos;]}">
      <![CDATA[org.openqa.selenium.NoSuchElementException: no such element: Unable to locate element: {"method":"xpath","selector":"//input[@name='user_family_name']"}
  (Session info: chrome=74.0.3729.157)
  (Driver info: chromedriver=2.40.565498 (ea082db3280dd6843ebfb08a625e3eb905c4f5ab),platform=Windows NT 6.3.9600 x86_64) (WARNING: The server did not provide any stacktrace information)
Command duration or timeout: 0 milliseconds
For documentation on this error, please visit: http://seleniumhq.org/exceptions/no_such_element.html
Build info: version: '3.14.0', revision: 'aacccce0', time: '2018-08-02T20:19:58.91Z'
System info: host: 'SOURCEANDROID', ip: '192.168.136.2', os.name: 'Windows 8.1', os.arch: 'amd64', os.version: '6.3', java.version: '1.8.0_131'
Driver info: org.openqa.selenium.chrome.ChromeDriver
Capabilities {acceptInsecureCerts: false, acceptSslCerts: false, applicationCacheEnabled: false, browserConnectionEnabled: false, browserName: chrome, chrome: {chromedriverVersion: 2.40.565498 (ea082db3280dd6..., userDataDir: C:\Users\shubham\AppData\Lo...}, cssSelectorsEnabled: true, databaseEnabled: false, handlesAlerts: true, hasTouchScreen: false, javascriptEnabled: true, locationContextEnabled: true, mobileEmulationEnabled: false, nativeEvents: true, networkConnectionEnabled: false, pageLoadStrategy: normal, platform: XP, platformName: XP, rotatable: false, setWindowRect: true, takesHeapSnapshot: true, takesScreenshot: true, unexpectedAlertBehaviour: , unhandledPromptBehavior: , version: 74.0.3729.157, webStorageEnabled: true}
Session ID: 5a13389ed996bc130efd13d4ad0349e3
*** Element info: {Using=xpath, value=//input[@name='user_family_name']}
	at org.openqa.selenium.remote.ErrorHandler.createThrowable(ErrorHandler.java:214)
	at org.openqa.selenium.remote.ErrorHandler.throwIfResponseFailed(ErrorHandler.java:166)
	at org.openqa.selenium.remote.http.JsonHttpResponseCodec.reconstructValue(JsonHttpResponseCodec.java:40)
	at org.openqa.selenium.remote.http.AbstractHttpResponseCodec.decode(AbstractHttpResponseCodec.java:80)
	at org.openqa.selenium.remote.http.AbstractHttpResponseCodec.decode(AbstractHttpResponseCodec.java:44)
	at org.openqa.selenium.remote.HttpCommandExecutor.execute(HttpCommandExecutor.java:158)
	at org.openqa.selenium.remote.service.DriverCommandExecutor.execute(DriverCommandExecutor.java:83)
	at org.openqa.selenium.remote.RemoteWebDriver.execute(RemoteWebDriver.java:548)
	at org.openqa.selenium.remote.RemoteWebDriver.findElement(RemoteWebDriver.java:322)
	at org.openqa.selenium.remote.RemoteWebDriver.findElementByXPath(RemoteWebDriver.java:424)
	at org.openqa.selenium.By$ByXPath.findElement(By.java:353)
	at org.openqa.selenium.remote.RemoteWebDriver.findElement(RemoteWebDriver.java:314)
	at org.openqa.selenium.support.events.EventFiringWebDriver.lambda$new$1(EventFiringWebDriver.java:105)
	at com.sun.proxy.$Proxy7.findElement(Unknown Source)
	at org.openqa.selenium.support.events.EventFiringWebDriver.findElement(EventFiringWebDriver.java:194)
	at org.openqa.selenium.support.pagefactory.DefaultElementLocator.findElement(DefaultElementLocator.java:69)
	at org.openqa.selenium.support.pagefactory.internal.LocatingElementHandler.invoke(LocatingElementHandler.java:38)
	at com.sun.proxy.$Proxy11.clear(Unknown Source)
	at com.qa.pages.SellPage.enterFamilyName(SellPage.java:43)
	at com.qa.test.SellTest.verifyProdAdd(SellTest.java:161)
... Removed 32 stack frames]]>
    </failure>
  </testcase> <!-- verifyProdAdd -->
  <testcase name="verifyBaterycap" time="36.399" classname="com.qa.test.AddProductTest"/>
  <testcase name="verifyElectMoterBrand" time="41.675" classname="com.qa.test.AddProductTest"/>
  <testcase name="verifyElectMoterYear" time="57.426" classname="com.qa.test.AddProductTest"/>
  <testcase name="verifyElectMoterMileage" time="50.448" classname="com.qa.test.AddProductTest"/>
  <testcase name="verifyFrameMaterial" time="57.218" classname="com.qa.test.AddProductTest"/>
  <testcase name="verifyFrameSize" time="64.521" classname="com.qa.test.AddProductTest"/>
  <testcase name="verifySupportSp" time="62.279" classname="com.qa.test.AddProductTest"/>
  <testcase name="verifyWheelSize" time="55.183" classname="com.qa.test.AddProductTest"/>
  <testcase name="verifyGender" time="60.434" classname="com.qa.test.AddProductTest"/>
  <testcase name="verifySaveBtn" time="81.483" classname="com.qa.test.AddProductTest"/>
</testsuite> <!-- Test -->
