<html>
<head>
<title>TestNG:  Test</title>
<link href="../testng.css" rel="stylesheet" type="text/css" />
<link href="../my-testng.css" rel="stylesheet" type="text/css" />

<style type="text/css">
.log { display: none;} 
.stack-trace { display: none;} 
</style>
<script type="text/javascript">
<!--
function flip(e) {
  current = e.style.display;
  if (current == 'block') {
    e.style.display = 'none';
    return 0;
  }
  else {
    e.style.display = 'block';
    return 1;
  }
}

function toggleBox(szDivId, elem, msg1, msg2)
{
  var res = -1;  if (document.getElementById) {
    res = flip(document.getElementById(szDivId));
  }
  else if (document.all) {
    // this is the way old msie versions work
    res = flip(document.all[szDivId]);
  }
  if(elem) {
    if(res == 0) elem.innerHTML = msg1; else elem.innerHTML = msg2;
  }

}

function toggleAllBoxes() {
  if (document.getElementsByTagName) {
    d = document.getElementsByTagName('div');
    for (i = 0; i < d.length; i++) {
      if (d[i].className == 'log') {
        flip(d[i]);
      }
    }
  }
}

// -->
</script>

</head>
<body>
<h2 align='center'>Test</h2><table border='1' align="center">
<tr>
<td>Tests passed/Failed/Skipped:</td><td>21/1/0</td>
</tr><tr>
<td>Started on:</td><td>Tue May 21 15:21:31 IST 2019</td>
</tr>
<tr><td>Total time:</td><td>1063 seconds (1063912 ms)</td>
</tr><tr>
<td>Included groups:</td><td></td>
</tr><tr>
<td>Excluded groups:</td><td></td>
</tr>
</table><p/>
<small><i>(Hover the method name to see the test class name)</i></small><p/>
<table width='100%' border='1' class='invocation-failed'>
<tr><td colspan='4' align='center'><b>FAILED TESTS</b></td></tr>
<tr><td><b>Test method</b></td>
<td width="30%"><b>Exception</b></td>
<td width="10%"><b>Time (seconds)</b></td>
<td><b>Instance</b></td>
</tr>
<tr>
<td title='com.qa.test.SellTest.verifyProdAdd()'><b>verifyProdAdd</b><br>Test class: com.qa.test.SellTest</td>
<td><div><pre>org.openqa.selenium.NoSuchElementException: no such element: Unable to locate element: {&quot;method&quot;:&quot;xpath&quot;,&quot;selector&quot;:&quot;//input[@name=&apos;user_family_name&apos;]&quot;}
  (Session info: chrome=74.0.3729.157)
  (Driver info: chromedriver=2.40.565498 (ea082db3280dd6843ebfb08a625e3eb905c4f5ab),platform=Windows NT 6.3.9600 x86_64) (WARNING: The server did not provide any stacktrace information)
Command duration or timeout: 0 milliseconds
For documentation on this error, please visit: http://seleniumhq.org/exceptions/no_such_element.html
Build info: version: &apos;3.14.0&apos;, revision: &apos;aacccce0&apos;, time: &apos;2018-08-02T20:19:58.91Z&apos;
System info: host: &apos;SOURCEANDROID&apos;, ip: &apos;192.168.136.2&apos;, os.name: &apos;Windows 8.1&apos;, os.arch: &apos;amd64&apos;, os.version: &apos;6.3&apos;, java.version: &apos;1.8.0_131&apos;
Driver info: org.openqa.selenium.chrome.ChromeDriver
Capabilities {acceptInsecureCerts: false, acceptSslCerts: false, applicationCacheEnabled: false, browserConnectionEnabled: false, browserName: chrome, chrome: {chromedriverVersion: 2.40.565498 (ea082db3280dd6..., userDataDir: C:\Users\shubham\AppData\Lo...}, cssSelectorsEnabled: true, databaseEnabled: false, handlesAlerts: true, hasTouchScreen: false, javascriptEnabled: true, locationContextEnabled: true, mobileEmulationEnabled: false, nativeEvents: true, networkConnectionEnabled: false, pageLoadStrategy: normal, platform: XP, platformName: XP, rotatable: false, setWindowRect: true, takesHeapSnapshot: true, takesScreenshot: true, unexpectedAlertBehaviour: , unhandledPromptBehavior: , version: 74.0.3729.157, webStorageEnabled: true}
Session ID: 5a13389ed996bc130efd13d4ad0349e3
*** Element info: {Using=xpath, value=//input[@name=&apos;user_family_name&apos;]}
	at org.openqa.selenium.remote.ErrorHandler.createThrowable(ErrorHandler.java:214)
	at org.openqa.selenium.remote.ErrorHandler.throwIfResponseFailed(ErrorHandler.java:166)
	at org.openqa.selenium.remote.http.JsonHttpResponseCodec.reconstructValue(JsonHttpResponseCodec.java:40)
	at org.openqa.selenium.remote.http.AbstractHttpResponseCodec.decode(AbstractHttpResponseCodec.java:80)
	at org.openqa.selenium.remote.http.AbstractHttpResponseCodec.decode(AbstractHttpResponseCodec.java:44)
	at org.openqa.selenium.remote.HttpCommandExecutor.execute(HttpCommandExecutor.java:158)
	at org.openqa.selenium.remote.service.DriverCommandExecutor.execute(DriverCommandExecutor.java:83)
	at org.openqa.selenium.remote.RemoteWebDriver.execute(RemoteWebDriver.java:548)
	at org.openqa.selenium.remote.RemoteWebDriver.findElement(RemoteWebDriver.java:322)
	at org.openqa.selenium.remote.RemoteWebDriver.findElementByXPath(RemoteWebDriver.java:424)
	at org.openqa.selenium.By$ByXPath.findElement(By.java:353)
	at org.openqa.selenium.remote.RemoteWebDriver.findElement(RemoteWebDriver.java:314)
	at org.openqa.selenium.support.events.EventFiringWebDriver.lambda$new$1(EventFiringWebDriver.java:105)
	at com.sun.proxy.$Proxy7.findElement(Unknown Source)
	at org.openqa.selenium.support.events.EventFiringWebDriver.findElement(EventFiringWebDriver.java:194)
	at org.openqa.selenium.support.pagefactory.DefaultElementLocator.findElement(DefaultElementLocator.java:69)
	at org.openqa.selenium.support.pagefactory.internal.LocatingElementHandler.invoke(LocatingElementHandler.java:38)
	at com.sun.proxy.$Proxy11.clear(Unknown Source)
	at com.qa.pages.SellPage.enterFamilyName(SellPage.java:43)
	at com.qa.test.SellTest.verifyProdAdd(SellTest.java:161)
... Removed 32 stack frames</pre></div><a href='#' onClick='toggleBox("stack-trace57407566", this, "Click to show all stack frames", "Click to hide stack frames")'>Click to show all stack frames</a>
<div class='stack-trace' id='stack-trace57407566'><pre>org.openqa.selenium.NoSuchElementException: no such element: Unable to locate element: {&quot;method&quot;:&quot;xpath&quot;,&quot;selector&quot;:&quot;//input[@name=&apos;user_family_name&apos;]&quot;}
  (Session info: chrome=74.0.3729.157)
  (Driver info: chromedriver=2.40.565498 (ea082db3280dd6843ebfb08a625e3eb905c4f5ab),platform=Windows NT 6.3.9600 x86_64) (WARNING: The server did not provide any stacktrace information)
Command duration or timeout: 0 milliseconds
For documentation on this error, please visit: http://seleniumhq.org/exceptions/no_such_element.html
Build info: version: &apos;3.14.0&apos;, revision: &apos;aacccce0&apos;, time: &apos;2018-08-02T20:19:58.91Z&apos;
System info: host: &apos;SOURCEANDROID&apos;, ip: &apos;192.168.136.2&apos;, os.name: &apos;Windows 8.1&apos;, os.arch: &apos;amd64&apos;, os.version: &apos;6.3&apos;, java.version: &apos;1.8.0_131&apos;
Driver info: org.openqa.selenium.chrome.ChromeDriver
Capabilities {acceptInsecureCerts: false, acceptSslCerts: false, applicationCacheEnabled: false, browserConnectionEnabled: false, browserName: chrome, chrome: {chromedriverVersion: 2.40.565498 (ea082db3280dd6..., userDataDir: C:\Users\shubham\AppData\Lo...}, cssSelectorsEnabled: true, databaseEnabled: false, handlesAlerts: true, hasTouchScreen: false, javascriptEnabled: true, locationContextEnabled: true, mobileEmulationEnabled: false, nativeEvents: true, networkConnectionEnabled: false, pageLoadStrategy: normal, platform: XP, platformName: XP, rotatable: false, setWindowRect: true, takesHeapSnapshot: true, takesScreenshot: true, unexpectedAlertBehaviour: , unhandledPromptBehavior: , version: 74.0.3729.157, webStorageEnabled: true}
Session ID: 5a13389ed996bc130efd13d4ad0349e3
*** Element info: {Using=xpath, value=//input[@name=&apos;user_family_name&apos;]}
	at sun.reflect.NativeConstructorAccessorImpl.newInstance0(Native Method)
	at sun.reflect.NativeConstructorAccessorImpl.newInstance(Unknown Source)
	at sun.reflect.DelegatingConstructorAccessorImpl.newInstance(Unknown Source)
	at java.lang.reflect.Constructor.newInstance(Unknown Source)
	at org.openqa.selenium.remote.ErrorHandler.createThrowable(ErrorHandler.java:214)
	at org.openqa.selenium.remote.ErrorHandler.throwIfResponseFailed(ErrorHandler.java:166)
	at org.openqa.selenium.remote.http.JsonHttpResponseCodec.reconstructValue(JsonHttpResponseCodec.java:40)
	at org.openqa.selenium.remote.http.AbstractHttpResponseCodec.decode(AbstractHttpResponseCodec.java:80)
	at org.openqa.selenium.remote.http.AbstractHttpResponseCodec.decode(AbstractHttpResponseCodec.java:44)
	at org.openqa.selenium.remote.HttpCommandExecutor.execute(HttpCommandExecutor.java:158)
	at org.openqa.selenium.remote.service.DriverCommandExecutor.execute(DriverCommandExecutor.java:83)
	at org.openqa.selenium.remote.RemoteWebDriver.execute(RemoteWebDriver.java:548)
	at org.openqa.selenium.remote.RemoteWebDriver.findElement(RemoteWebDriver.java:322)
	at org.openqa.selenium.remote.RemoteWebDriver.findElementByXPath(RemoteWebDriver.java:424)
	at org.openqa.selenium.By$ByXPath.findElement(By.java:353)
	at org.openqa.selenium.remote.RemoteWebDriver.findElement(RemoteWebDriver.java:314)
	at sun.reflect.GeneratedMethodAccessor3.invoke(Unknown Source)
	at sun.reflect.DelegatingMethodAccessorImpl.invoke(Unknown Source)
	at java.lang.reflect.Method.invoke(Unknown Source)
	at org.openqa.selenium.support.events.EventFiringWebDriver.lambda$new$1(EventFiringWebDriver.java:105)
	at com.sun.proxy.$Proxy7.findElement(Unknown Source)
	at org.openqa.selenium.support.events.EventFiringWebDriver.findElement(EventFiringWebDriver.java:194)
	at org.openqa.selenium.support.pagefactory.DefaultElementLocator.findElement(DefaultElementLocator.java:69)
	at org.openqa.selenium.support.pagefactory.internal.LocatingElementHandler.invoke(LocatingElementHandler.java:38)
	at com.sun.proxy.$Proxy11.clear(Unknown Source)
	at com.qa.pages.SellPage.enterFamilyName(SellPage.java:43)
	at com.qa.test.SellTest.verifyProdAdd(SellTest.java:161)
	at sun.reflect.NativeMethodAccessorImpl.invoke0(Native Method)
	at sun.reflect.NativeMethodAccessorImpl.invoke(Unknown Source)
	at sun.reflect.DelegatingMethodAccessorImpl.invoke(Unknown Source)
	at java.lang.reflect.Method.invoke(Unknown Source)
	at org.testng.internal.MethodInvocationHelper.invokeMethod(MethodInvocationHelper.java:108)
	at org.testng.internal.Invoker.invokeMethod(Invoker.java:661)
	at org.testng.internal.Invoker.invokeTestMethod(Invoker.java:869)
	at org.testng.internal.Invoker.invokeTestMethods(Invoker.java:1193)
	at org.testng.internal.TestMethodWorker.invokeTestMethods(TestMethodWorker.java:126)
	at org.testng.internal.TestMethodWorker.run(TestMethodWorker.java:109)
	at org.testng.TestRunner.privateRun(TestRunner.java:744)
	at org.testng.TestRunner.run(TestRunner.java:602)
	at org.testng.SuiteRunner.runTest(SuiteRunner.java:380)
	at org.testng.SuiteRunner.runSequentially(SuiteRunner.java:375)
	at org.testng.SuiteRunner.privateRun(SuiteRunner.java:340)
	at org.testng.SuiteRunner.run(SuiteRunner.java:289)
	at org.testng.SuiteRunnerWorker.runSuite(SuiteRunnerWorker.java:52)
	at org.testng.SuiteRunnerWorker.run(SuiteRunnerWorker.java:86)
	at org.testng.TestNG.runSuitesSequentially(TestNG.java:1301)
	at org.testng.TestNG.runSuitesLocally(TestNG.java:1226)
	at org.testng.TestNG.runSuites(TestNG.java:1144)
	at org.testng.TestNG.run(TestNG.java:1115)
	at org.testng.remote.AbstractRemoteTestNG.run(AbstractRemoteTestNG.java:114)
	at org.testng.remote.RemoteTestNG.initAndRun(RemoteTestNG.java:251)
	at org.testng.remote.RemoteTestNG.main(RemoteTestNG.java:77)
</pre></div></td>
<td>54</td>
<td>com.qa.test.SellTest@91161c7</td></tr>
</table><p>
<table width='100%' border='1' class='invocation-passed'>
<tr><td colspan='4' align='center'><b>PASSED TESTS</b></td></tr>
<tr><td><b>Test method</b></td>
<td width="30%"><b>Exception</b></td>
<td width="10%"><b>Time (seconds)</b></td>
<td><b>Instance</b></td>
</tr>
<tr>
<td title='com.qa.test.LoginTest.verifiySignIn()'><b>verifiySignIn</b><br>Test class: com.qa.test.LoginTest</td>
<td></td>
<td>9</td>
<td>com.qa.test.LoginTest@1bce4f0a</td></tr>
<tr>
<td title='com.qa.test.AddProductTest.verifyBaterycap()'><b>verifyBaterycap</b><br>Test class: com.qa.test.AddProductTest</td>
<td></td>
<td>36</td>
<td>com.qa.test.AddProductTest@5c3bd550</td></tr>
<tr>
<td title='com.qa.test.AddProductTest.verifyBrandname()'><b>verifyBrandname</b><br>Test class: com.qa.test.AddProductTest</td>
<td></td>
<td>29</td>
<td>com.qa.test.AddProductTest@5c3bd550</td></tr>
<tr>
<td title='com.qa.test.AddProductTest.verifyElectMoterBrand()'><b>verifyElectMoterBrand</b><br>Test class: com.qa.test.AddProductTest</td>
<td></td>
<td>41</td>
<td>com.qa.test.AddProductTest@5c3bd550</td></tr>
<tr>
<td title='com.qa.test.AddProductTest.verifyElectMoterMileage()'><b>verifyElectMoterMileage</b><br>Test class: com.qa.test.AddProductTest</td>
<td></td>
<td>50</td>
<td>com.qa.test.AddProductTest@5c3bd550</td></tr>
<tr>
<td title='com.qa.test.AddProductTest.verifyElectMoterYear()'><b>verifyElectMoterYear</b><br>Test class: com.qa.test.AddProductTest</td>
<td></td>
<td>57</td>
<td>com.qa.test.AddProductTest@5c3bd550</td></tr>
<tr>
<td title='com.qa.test.AddProductTest.verifyFrameMaterial()'><b>verifyFrameMaterial</b><br>Test class: com.qa.test.AddProductTest</td>
<td></td>
<td>57</td>
<td>com.qa.test.AddProductTest@5c3bd550</td></tr>
<tr>
<td title='com.qa.test.AddProductTest.verifyFrameSize()'><b>verifyFrameSize</b><br>Test class: com.qa.test.AddProductTest</td>
<td></td>
<td>64</td>
<td>com.qa.test.AddProductTest@5c3bd550</td></tr>
<tr>
<td title='com.qa.test.AddProductTest.verifyGender()'><b>verifyGender</b><br>Test class: com.qa.test.AddProductTest</td>
<td></td>
<td>60</td>
<td>com.qa.test.AddProductTest@5c3bd550</td></tr>
<tr>
<td title='com.qa.test.LoginTest.verifyLogin()'><b>verifyLogin</b><br>Test class: com.qa.test.LoginTest</td>
<td></td>
<td>19</td>
<td>com.qa.test.LoginTest@1bce4f0a</td></tr>
<tr>
<td title='com.qa.test.AddProductTest.verifyModel()'><b>verifyModel</b><br>Test class: com.qa.test.AddProductTest</td>
<td></td>
<td>31</td>
<td>com.qa.test.AddProductTest@5c3bd550</td></tr>
<tr>
<td title='com.qa.test.AddProductTest.verifyProdActulPrice()'><b>verifyProdActulPrice</b><br>Test class: com.qa.test.AddProductTest</td>
<td></td>
<td>31</td>
<td>com.qa.test.AddProductTest@5c3bd550</td></tr>
<tr>
<td title='com.qa.test.AddProductTest.verifyProductname()'><b>verifyProductname</b><br>Test class: com.qa.test.AddProductTest</td>
<td></td>
<td>27</td>
<td>com.qa.test.AddProductTest@5c3bd550</td></tr>
<tr>
<td title='com.qa.test.AddProductTest.verifySaveBtn()'><b>verifySaveBtn</b><br>Test class: com.qa.test.AddProductTest</td>
<td></td>
<td>81</td>
<td>com.qa.test.AddProductTest@5c3bd550</td></tr>
<tr>
<td title='com.qa.test.AddProductTest.verifySelectCategory()'><b>verifySelectCategory</b><br>Test class: com.qa.test.AddProductTest</td>
<td></td>
<td>25</td>
<td>com.qa.test.AddProductTest@5c3bd550</td></tr>
<tr>
<td title='com.qa.test.HomeTest.verifySellLink()'><b>verifySellLink</b><br>Test class: com.qa.test.HomeTest</td>
<td></td>
<td>23</td>
<td>com.qa.test.HomeTest@5e3a8624</td></tr>
<tr>
<td title='com.qa.test.AddProductTest.verifySellingPrice()'><b>verifySellingPrice</b><br>Test class: com.qa.test.AddProductTest</td>
<td></td>
<td>36</td>
<td>com.qa.test.AddProductTest@5c3bd550</td></tr>
<tr>
<td title='com.qa.test.AddProductTest.verifySupportSp()'><b>verifySupportSp</b><br>Test class: com.qa.test.AddProductTest</td>
<td></td>
<td>62</td>
<td>com.qa.test.AddProductTest@5c3bd550</td></tr>
<tr>
<td title='com.qa.test.AddProductTest.verifySuspensions()'><b>verifySuspensions</b><br>Test class: com.qa.test.AddProductTest</td>
<td></td>
<td>34</td>
<td>com.qa.test.AddProductTest@5c3bd550</td></tr>
<tr>
<td title='com.qa.test.LoginTest.verifyTranstBtn()'><b>verifyTranstBtn</b><br>Test class: com.qa.test.LoginTest</td>
<td></td>
<td>7</td>
<td>com.qa.test.LoginTest@1bce4f0a</td></tr>
<tr>
<td title='com.qa.test.AddProductTest.verifyWheelSize()'><b>verifyWheelSize</b><br>Test class: com.qa.test.AddProductTest</td>
<td></td>
<td>55</td>
<td>com.qa.test.AddProductTest@5c3bd550</td></tr>
</table><p>
</body>
</html>